Using pre-set license
Built from '2020.3/staging' branch; Version is '2020.3.3f1 (76626098c1c4) revision 7758432'; Using compiler version '192528614'; Build Type 'Release'
OS: 'Windows 10 Pro; OS build 19042.906; Version 2009; 64bit' Language: 'pt' Physical Memory: 16317 MB
BatchMode: 1, IsHumanControllingUs: 0, StartBugReporterOnCrash: 0, Is64bit: 1, IsPro: 0

 COMMAND LINE ARGUMENTS:
C:\Program Files\Unity\Hub\Editor\2019.4.21f1\Editor\Unity.exe
-adb2
-batchMode
-noUpm
-name
AssetImportWorker0
-projectPath
C:/Users/André Gomes/Downloads/characterController
-logFile
Logs/AssetImportWorker0.log
-srvPort
55088
Successfully changed project path to: C:/Users/André Gomes/Downloads/characterController
C:/Users/André Gomes/Downloads/characterController
Using Asset Import Pipeline V2.
Refreshing native plugins compatible for Editor in 34.72 ms, found 0 plugins.
Preloading 0 native plugins for Editor in 0.00 ms.
Initialize engine version: 2020.3.3f1 (76626098c1c4)
[Subsystems] Discovering subsystems at path C:/Program Files/Unity/Hub/Editor/2019.4.21f1/Editor/Data/Resources/UnitySubsystems
[Subsystems] Discovering subsystems at path C:/Users/André Gomes/Downloads/characterController/Assets
GfxDevice: creating device client; threaded=0
Direct3D:
    Version:  Direct3D 11.0 [level 11.0]
    Renderer: NVIDIA Quadro K2000M (ID=0xffb)
    Vendor:   
    VRAM:     2007 MB
    Driver:   25.21.14.2711
Initialize mono
Mono path[0] = 'C:/Program Files/Unity/Hub/Editor/2019.4.21f1/Editor/Data/Managed'
Mono path[1] = 'C:/Program Files/Unity/Hub/Editor/2019.4.21f1/Editor/Data/MonoBleedingEdge/lib/mono/unityjit'
Mono config path = 'C:/Program Files/Unity/Hub/Editor/2019.4.21f1/Editor/Data/MonoBleedingEdge/etc'
Using monoOptions --debugger-agent=transport=dt_socket,embedding=1,server=y,suspend=n,address=127.0.0.1:56780
Begin MonoManager ReloadAssembly
Registering precompiled unity dll's ...
Register platform support module: C:/Program Files/Unity/Hub/Editor/2019.4.21f1/Editor/Data/PlaybackEngines/WindowsStandaloneSupport/UnityEditor.WindowsStandalone.Extensions.dll
Registered in 0.002647 seconds.
Native extension for WindowsStandalone target not found
Refreshing native plugins compatible for Editor in 37.15 ms, found 0 plugins.
Preloading 0 native plugins for Editor in 0.00 ms.
Invoked RoslynAnalysisRunner static constructor.
RoslynAnalysisRunner will not be running.
RoslynAnalysisRunner has terminated.
Mono: successfully reloaded assembly
- Completed reload, in  1.455 seconds
Platform modules already initialized, skipping
Registering precompiled user dll's ...
Registered in 0.001029 seconds.
Begin MonoManager ReloadAssembly
Native extension for WindowsStandalone target not found
Refreshing native plugins compatible for Editor in 0.26 ms, found 0 plugins.
Preloading 0 native plugins for Editor in 0.00 ms.
Invoked RoslynAnalysisRunner static constructor.
RoslynAnalysisRunner will not be running.
RoslynAnalysisRunner has terminated.
Mono: successfully reloaded assembly
- Completed reload, in  1.325 seconds
Platform modules already initialized, skipping
========================================================================
Worker process is ready to serve import requests
Launched and connected shader compiler UnityShaderCompiler.exe after 0.08 seconds
Refreshing native plugins compatible for Editor in 0.27 ms, found 0 plugins.
Preloading 0 native plugins for Editor in 0.00 ms.
Unloading 1115 Unused Serialized files (Serialized files now loaded: 0)
System memory in use before: 57.1 MB.
System memory in use after: 57.1 MB.

Unloading 10 unused Assets to reduce memory usage. Loaded Objects now: 1557.
Total: 4.278900 ms (FindLiveObjects: 0.253500 ms CreateObjectMapping: 0.062600 ms MarkObjects: 3.833300 ms  DeleteObjects: 0.127500 ms)

========================================================================
Received Import Request.
  path: Assets
  artifactKey: Guid(00000000000000001000000000000000) Importer(815301076,1909f56bfc062723c751e8b465ee728b)
Start importing Assets using Guid(00000000000000001000000000000000) Importer(815301076,1909f56bfc062723c751e8b465ee728b)  -> (artifact id: 'b2e0e235c0f4af3754229b664788db90') in 0.038956 seconds
  Import took 0.044338 seconds .

========================================================================
Received Import Request.
  Time since last request: 1.500963 seconds.
  path: Assets/Materials
  artifactKey: Guid(46d244b7d94d44342b48bbb3efe166cb) Importer(815301076,1909f56bfc062723c751e8b465ee728b)
Start importing Assets/Materials using Guid(46d244b7d94d44342b48bbb3efe166cb) Importer(815301076,1909f56bfc062723c751e8b465ee728b)  -> (artifact id: '4ca4eeffffbdc381e7b7fbdaebfc5a03') in 0.011284 seconds
  Import took 0.014662 seconds .

========================================================================
Received Import Request.
  Time since last request: 11.901460 seconds.
  path: Assets/Resources
  artifactKey: Guid(e7ffd3d9014eddd45b2a7e5f91d54645) Importer(815301076,1909f56bfc062723c751e8b465ee728b)
Start importing Assets/Resources using Guid(e7ffd3d9014eddd45b2a7e5f91d54645) Importer(815301076,1909f56bfc062723c751e8b465ee728b)  -> (artifact id: 'cfafef5d32f7fac815d60a1aaf950684') in 0.010768 seconds
  Import took 0.015046 seconds .

========================================================================
Received Import Request.
  Time since last request: 0.001162 seconds.
  path: Assets/Resources
  artifactKey: Guid(e7ffd3d9014eddd45b2a7e5f91d54645) Importer(815301076,1909f56bfc062723c751e8b465ee728b)
Start importing Assets/Resources using Guid(e7ffd3d9014eddd45b2a7e5f91d54645) Importer(815301076,1909f56bfc062723c751e8b465ee728b)  -> (artifact id: 'cfafef5d32f7fac815d60a1aaf950684') in 0.010496 seconds
  Import took 0.015869 seconds .

========================================================================
Received Import Request.
  Time since last request: 6.769738 seconds.
  path: Assets/Scripts
  artifactKey: Guid(d2f74c5a0145bdc4a81784829779877a) Importer(815301076,1909f56bfc062723c751e8b465ee728b)
Start importing Assets/Scripts using Guid(d2f74c5a0145bdc4a81784829779877a) Importer(815301076,1909f56bfc062723c751e8b465ee728b)  -> (artifact id: '0cb1c430d31addbf7db023c67ae9f52a') in 0.010731 seconds
  Import took 0.013345 seconds .

========================================================================
Received Import Request.
  Time since last request: 0.002371 seconds.
  path: Assets/Scripts
  artifactKey: Guid(d2f74c5a0145bdc4a81784829779877a) Importer(815301076,1909f56bfc062723c751e8b465ee728b)
Start importing Assets/Scripts using Guid(d2f74c5a0145bdc4a81784829779877a) Importer(815301076,1909f56bfc062723c751e8b465ee728b)  -> (artifact id: '0cb1c430d31addbf7db023c67ae9f52a') in 0.003798 seconds
  Import took 0.007207 seconds .

========================================================================
Received Import Request.
  Time since last request: 11.496812 seconds.
  path: Assets/Materials/Blue.mat
  artifactKey: Guid(59d40e0e393bf194983e59471e662347) Importer(815301076,1909f56bfc062723c751e8b465ee728b)
Start importing Assets/Materials/Blue.mat using Guid(59d40e0e393bf194983e59471e662347) Importer(815301076,1909f56bfc062723c751e8b465ee728b)  -> (artifact id: '6d04f3caf5c0c9ce86d842ee179a01e7') in 0.163556 seconds
  Import took 0.166966 seconds .

========================================================================
Received Import Request.
  Time since last request: 4.128301 seconds.
  path: Assets/Materials/Blue 1.mat
  artifactKey: Guid(0e9b4caf88e803c459d4dc01112096fb) Importer(815301076,1909f56bfc062723c751e8b465ee728b)
Start importing Assets/Materials/Blue 1.mat using Guid(0e9b4caf88e803c459d4dc01112096fb) Importer(815301076,1909f56bfc062723c751e8b465ee728b)  -> (artifact id: '3cd090ab101ec184d3ef1128fb5684d2') in 0.028561 seconds
  Import took 0.031754 seconds .

========================================================================
Received Import Request.
  Time since last request: 1.466368 seconds.
  path: Assets/Materials/Blue 2.mat
  artifactKey: Guid(1ce292fd40b7016428a93f72d2642293) Importer(815301076,1909f56bfc062723c751e8b465ee728b)
Start importing Assets/Materials/Blue 2.mat using Guid(1ce292fd40b7016428a93f72d2642293) Importer(815301076,1909f56bfc062723c751e8b465ee728b)  -> (artifact id: '69e4eed4908d435d28e39ff3390db2fd') in 0.020688 seconds
  Import took 0.023978 seconds .

========================================================================
Received Import Request.
  Time since last request: 8.939976 seconds.
  path: Assets/Materials/Blue 3.mat
  artifactKey: Guid(700a778dfa01b054384d4cc95f70568c) Importer(815301076,1909f56bfc062723c751e8b465ee728b)
Start importing Assets/Materials/Blue 3.mat using Guid(700a778dfa01b054384d4cc95f70568c) Importer(815301076,1909f56bfc062723c751e8b465ee728b)  -> (artifact id: 'e214318dbf1a52d49666e4f96107928b') in 0.022709 seconds
  Import took 0.025673 seconds .

========================================================================
Received Import Request.
  Time since last request: 0.382490 seconds.
  path: Assets/Materials/Blue 4.mat
  artifactKey: Guid(96cf752ea3dabf348bdefb07c17058d1) Importer(815301076,1909f56bfc062723c751e8b465ee728b)
Start importing Assets/Materials/Blue 4.mat using Guid(96cf752ea3dabf348bdefb07c17058d1) Importer(815301076,1909f56bfc062723c751e8b465ee728b)  -> (artifact id: 'a6900921733b343f988a37767d7ef151') in 0.021136 seconds
  Import took 0.025214 seconds .

========================================================================
Received Import Request.
  Time since last request: 60.717653 seconds.
  path: Assets/Materials/Brown.mat
  artifactKey: Guid(d76756d7c21cf5b4aa40330b8f77809d) Importer(815301076,1909f56bfc062723c751e8b465ee728b)
Start importing Assets/Materials/Brown.mat using Guid(d76756d7c21cf5b4aa40330b8f77809d) Importer(815301076,1909f56bfc062723c751e8b465ee728b)  -> (artifact id: '2efd08057934d7cfee8a13713e22ce37') in 0.020136 seconds
  Import took 0.023818 seconds .

========================================================================
Received Import Request.
  Time since last request: 0.000217 seconds.
  path: Assets/Materials/Green.mat
  artifactKey: Guid(1ce292fd40b7016428a93f72d2642293) Importer(815301076,1909f56bfc062723c751e8b465ee728b)
Start importing Assets/Materials/Green.mat using Guid(1ce292fd40b7016428a93f72d2642293) Importer(815301076,1909f56bfc062723c751e8b465ee728b)  -> (artifact id: '30d0ce73d2256d7dfb73184305c2c4f5') in 0.018671 seconds
  Import took 0.020972 seconds .

========================================================================
Received Import Request.
  Time since last request: 0.000225 seconds.
  path: Assets/Materials/Red.mat
  artifactKey: Guid(0e9b4caf88e803c459d4dc01112096fb) Importer(815301076,1909f56bfc062723c751e8b465ee728b)
Start importing Assets/Materials/Red.mat using Guid(0e9b4caf88e803c459d4dc01112096fb) Importer(815301076,1909f56bfc062723c751e8b465ee728b)  -> (artifact id: '45bcbe575f5a3cf2ffa0367d64cba5bd') in 0.018317 seconds
  Import took 0.021593 seconds .

========================================================================
Received Import Request.
  Time since last request: 0.000220 seconds.
  path: Assets/Materials/Chess.mat
  artifactKey: Guid(96cf752ea3dabf348bdefb07c17058d1) Importer(815301076,1909f56bfc062723c751e8b465ee728b)
Start importing Assets/Materials/Chess.mat using Guid(96cf752ea3dabf348bdefb07c17058d1) Importer(815301076,1909f56bfc062723c751e8b465ee728b)  -> (artifact id: 'a25df2a29080067bf6b13229b2cb8889') in 0.018085 seconds
  Import took 0.021245 seconds .

========================================================================
Received Import Request.
  Time since last request: 0.000233 seconds.
  path: Assets/Materials/Yellow.mat
  artifactKey: Guid(700a778dfa01b054384d4cc95f70568c) Importer(815301076,1909f56bfc062723c751e8b465ee728b)
Start importing Assets/Materials/Yellow.mat using Guid(700a778dfa01b054384d4cc95f70568c) Importer(815301076,1909f56bfc062723c751e8b465ee728b)  -> (artifact id: '7a1a2b4edbccb623a3e07a6a44313db1') in 0.019970 seconds
  Import took 0.022837 seconds .

========================================================================
Received Import Request.
  Time since last request: 315.715037 seconds.
  path: ProjectSettings/TagManager.asset
  artifactKey: Guid(00000000000000003000000000000000) Importer(815301076,1909f56bfc062723c751e8b465ee728b)
Start importing ProjectSettings/TagManager.asset using Guid(00000000000000003000000000000000) Importer(815301076,1909f56bfc062723c751e8b465ee728b)  -> (artifact id: '9274ce4079a5137dd04f6e6c4d809583') in 0.021376 seconds
  Import took 0.025648 seconds .

========================================================================
Received Import Request.
  Time since last request: 0.001424 seconds.
  path: ProjectSettings/TagManager.asset
  artifactKey: Guid(00000000000000003000000000000000) Importer(815301076,1909f56bfc062723c751e8b465ee728b)
Start importing ProjectSettings/TagManager.asset using Guid(00000000000000003000000000000000) Importer(815301076,1909f56bfc062723c751e8b465ee728b)  -> (artifact id: '9274ce4079a5137dd04f6e6c4d809583') in 0.005037 seconds
  Import took 0.010017 seconds .

========================================================================
Received Import Request.
  Time since last request: 852.450677 seconds.
  path: Assets/Materials/chess.jpg
  artifactKey: Guid(817175b5f1056394492c420b95602092) Importer(815301076,1909f56bfc062723c751e8b465ee728b)
Start importing Assets/Materials/chess.jpg using Guid(817175b5f1056394492c420b95602092) Importer(815301076,1909f56bfc062723c751e8b465ee728b)  -> (artifact id: '46efe21b226fce6617a5f6ef61ea0b31') in 0.041349 seconds
  Import took 0.046925 seconds .

========================================================================
Received Import Request.
  Time since last request: 521.434754 seconds.
  path: Assets/Scripts/PlayerScript.cs
  artifactKey: Guid(ca135cdedde0aa24b82ae465a624aea2) Importer(815301076,1909f56bfc062723c751e8b465ee728b)
Start importing Assets/Scripts/PlayerScript.cs using Guid(ca135cdedde0aa24b82ae465a624aea2) Importer(815301076,1909f56bfc062723c751e8b465ee728b)  -> (artifact id: 'b4f0f71a5d4a59ff23c5d38c65212bf8') in 0.022708 seconds
  Import took 0.026536 seconds .

========================================================================
Received Prepare
Registering precompiled user dll's ...
Registered in 0.001361 seconds.
Begin MonoManager ReloadAssembly
Native extension for WindowsStandalone target not found
Refreshing native plugins compatible for Editor in 0.40 ms, found 0 plugins.
Preloading 0 native plugins for Editor in 0.00 ms.
Invoked RoslynAnalysisRunner static constructor.
RoslynAnalysisRunner will not be running.
RoslynAnalysisRunner has terminated.
Mono: successfully reloaded assembly
- Completed reload, in  1.391 seconds
Platform modules already initialized, skipping
Refreshing native plugins compatible for Editor in 0.30 ms, found 0 plugins.
Preloading 0 native plugins for Editor in 0.00 ms.
Unloading 1111 Unused Serialized files (Serialized files now loaded: 0)
System memory in use before: 60.4 MB.
System memory in use after: 60.5 MB.

Unloading 7 unused Assets to reduce memory usage. Loaded Objects now: 1602.
Total: 2.086000 ms (FindLiveObjects: 0.326700 ms CreateObjectMapping: 0.067900 ms MarkObjects: 1.622200 ms  DeleteObjects: 0.067300 ms)

========================================================================
Received Prepare
Registering precompiled user dll's ...
Registered in 0.001199 seconds.
Begin MonoManager ReloadAssembly
Native extension for WindowsStandalone target not found
Refreshing native plugins compatible for Editor in 0.27 ms, found 0 plugins.
Preloading 0 native plugins for Editor in 0.00 ms.
Invoked RoslynAnalysisRunner static constructor.
RoslynAnalysisRunner will not be running.
RoslynAnalysisRunner has terminated.
Mono: successfully reloaded assembly
- Completed reload, in  1.397 seconds
Platform modules already initialized, skipping
Refreshing native plugins compatible for Editor in 0.38 ms, found 0 plugins.
Preloading 0 native plugins for Editor in 0.00 ms.
Unloading 1111 Unused Serialized files (Serialized files now loaded: 0)
System memory in use before: 60.4 MB.
System memory in use after: 60.5 MB.

Unloading 5 unused Assets to reduce memory usage. Loaded Objects now: 1605.
Total: 3.421400 ms (FindLiveObjects: 0.235700 ms CreateObjectMapping: 0.063800 ms MarkObjects: 3.023200 ms  DeleteObjects: 0.094000 ms)

========================================================================
Received Prepare
Registering precompiled user dll's ...
Registered in 0.000888 seconds.
Begin MonoManager ReloadAssembly
Native extension for WindowsStandalone target not found
Refreshing native plugins compatible for Editor in 0.26 ms, found 0 plugins.
Preloading 0 native plugins for Editor in 0.00 ms.
Invoked RoslynAnalysisRunner static constructor.
RoslynAnalysisRunner will not be running.
RoslynAnalysisRunner has terminated.
Mono: successfully reloaded assembly
- Completed reload, in  1.256 seconds
Platform modules already initialized, skipping
Refreshing native plugins compatible for Editor in 0.27 ms, found 0 plugins.
Preloading 0 native plugins for Editor in 0.00 ms.
Unloading 1111 Unused Serialized files (Serialized files now loaded: 0)
System memory in use before: 60.4 MB.
System memory in use after: 60.5 MB.

Unloading 5 unused Assets to reduce memory usage. Loaded Objects now: 1608.
Total: 3.641700 ms (FindLiveObjects: 0.320000 ms CreateObjectMapping: 0.070700 ms MarkObjects: 3.164300 ms  DeleteObjects: 0.084000 ms)

========================================================================
Received Prepare
Registering precompiled user dll's ...
Registered in 0.005305 seconds.
Begin MonoManager ReloadAssembly
Native extension for WindowsStandalone target not found
Refreshing native plugins compatible for Editor in 0.73 ms, found 0 plugins.
Preloading 0 native plugins for Editor in 0.00 ms.
Invoked RoslynAnalysisRunner static constructor.
RoslynAnalysisRunner will not be running.
RoslynAnalysisRunner has terminated.
Mono: successfully reloaded assembly
- Completed reload, in  3.301 seconds
Platform modules already initialized, skipping
Refreshing native plugins compatible for Editor in 0.38 ms, found 0 plugins.
Preloading 0 native plugins for Editor in 0.00 ms.
Unloading 1111 Unused Serialized files (Serialized files now loaded: 0)
System memory in use before: 60.4 MB.
System memory in use after: 60.5 MB.

Unloading 5 unused Assets to reduce memory usage. Loaded Objects now: 1611.
Total: 3.382200 ms (FindLiveObjects: 0.156000 ms CreateObjectMapping: 0.051800 ms MarkObjects: 3.081100 ms  DeleteObjects: 0.091100 ms)

========================================================================
Received Prepare
Registering precompiled user dll's ...
Registered in 0.001394 seconds.
Begin MonoManager ReloadAssembly
Native extension for WindowsStandalone target not found
Refreshing native plugins compatible for Editor in 0.27 ms, found 0 plugins.
Preloading 0 native plugins for Editor in 0.00 ms.
Invoked RoslynAnalysisRunner static constructor.
RoslynAnalysisRunner will not be running.
RoslynAnalysisRunner has terminated.
Mono: successfully reloaded assembly
- Completed reload, in  1.374 seconds
Platform modules already initialized, skipping
Refreshing native plugins compatible for Editor in 0.27 ms, found 0 plugins.
Preloading 0 native plugins for Editor in 0.00 ms.
Unloading 1111 Unused Serialized files (Serialized files now loaded: 0)
System memory in use before: 60.4 MB.
System memory in use after: 60.5 MB.

Unloading 5 unused Assets to reduce memory usage. Loaded Objects now: 1614.
Total: 2.206200 ms (FindLiveObjects: 0.271800 ms CreateObjectMapping: 0.146600 ms MarkObjects: 1.718500 ms  DeleteObjects: 0.067200 ms)

========================================================================
Received Prepare
Registering precompiled user dll's ...
Registered in 0.001427 seconds.
Begin MonoManager ReloadAssembly
Native extension for WindowsStandalone target not found
Refreshing native plugins compatible for Editor in 0.27 ms, found 0 plugins.
Preloading 0 native plugins for Editor in 0.00 ms.
Invoked RoslynAnalysisRunner static constructor.
RoslynAnalysisRunner will not be running.
RoslynAnalysisRunner has terminated.
Mono: successfully reloaded assembly
- Completed reload, in  1.445 seconds
Platform modules already initialized, skipping
Refreshing native plugins compatible for Editor in 0.26 ms, found 0 plugins.
Preloading 0 native plugins for Editor in 0.00 ms.
Unloading 1111 Unused Serialized files (Serialized files now loaded: 0)
System memory in use before: 60.5 MB.
System memory in use after: 60.5 MB.

Unloading 5 unused Assets to reduce memory usage. Loaded Objects now: 1617.
Total: 1.975400 ms (FindLiveObjects: 0.245900 ms CreateObjectMapping: 0.060800 ms MarkObjects: 1.603600 ms  DeleteObjects: 0.063300 ms)

========================================================================
Received Prepare
Registering precompiled user dll's ...
Registered in 0.001838 seconds.
Begin MonoManager ReloadAssembly
Native extension for WindowsStandalone target not found
Refreshing native plugins compatible for Editor in 0.27 ms, found 0 plugins.
Preloading 0 native plugins for Editor in 0.00 ms.
Invoked RoslynAnalysisRunner static constructor.
RoslynAnalysisRunner will not be running.
RoslynAnalysisRunner has terminated.
Mono: successfully reloaded assembly
- Completed reload, in  1.334 seconds
Platform modules already initialized, skipping
Refreshing native plugins compatible for Editor in 0.29 ms, found 0 plugins.
Preloading 0 native plugins for Editor in 0.00 ms.
Unloading 1111 Unused Serialized files (Serialized files now loaded: 0)
System memory in use before: 60.5 MB.
System memory in use after: 60.5 MB.

Unloading 5 unused Assets to reduce memory usage. Loaded Objects now: 1620.
Total: 4.435400 ms (FindLiveObjects: 0.300900 ms CreateObjectMapping: 0.170000 ms MarkObjects: 3.890300 ms  DeleteObjects: 0.071900 ms)

========================================================================
Received Prepare
Registering precompiled user dll's ...
Registered in 0.001180 seconds.
Begin MonoManager ReloadAssembly
Native extension for WindowsStandalone target not found
Refreshing native plugins compatible for Editor in 0.26 ms, found 0 plugins.
Preloading 0 native plugins for Editor in 0.00 ms.
Invoked RoslynAnalysisRunner static constructor.
RoslynAnalysisRunner will not be running.
RoslynAnalysisRunner has terminated.
Mono: successfully reloaded assembly
- Completed reload, in  1.301 seconds
Platform modules already initialized, skipping
Refreshing native plugins compatible for Editor in 0.65 ms, found 0 plugins.
Preloading 0 native plugins for Editor in 0.00 ms.
Unloading 1111 Unused Serialized files (Serialized files now loaded: 0)
System memory in use before: 60.5 MB.
System memory in use after: 60.5 MB.

Unloading 5 unused Assets to reduce memory usage. Loaded Objects now: 1623.
Total: 2.111500 ms (FindLiveObjects: 0.240800 ms CreateObjectMapping: 0.047200 ms MarkObjects: 1.752900 ms  DeleteObjects: 0.068400 ms)

========================================================================
Received Prepare
Registering precompiled user dll's ...
Registered in 0.000906 seconds.
Begin MonoManager ReloadAssembly
Native extension for WindowsStandalone target not found
Refreshing native plugins compatible for Editor in 0.29 ms, found 0 plugins.
Preloading 0 native plugins for Editor in 0.00 ms.
Invoked RoslynAnalysisRunner static constructor.
RoslynAnalysisRunner will not be running.
RoslynAnalysisRunner has terminated.
Mono: successfully reloaded assembly
- Completed reload, in  1.217 seconds
Platform modules already initialized, skipping
Refreshing native plugins compatible for Editor in 0.28 ms, found 0 plugins.
Preloading 0 native plugins for Editor in 0.00 ms.
Unloading 1111 Unused Serialized files (Serialized files now loaded: 0)
System memory in use before: 60.5 MB.
System memory in use after: 60.6 MB.

Unloading 5 unused Assets to reduce memory usage. Loaded Objects now: 1626.
Total: 3.017600 ms (FindLiveObjects: 0.278200 ms CreateObjectMapping: 0.063500 ms MarkObjects: 2.554100 ms  DeleteObjects: 0.118600 ms)

========================================================================
Received Prepare
Registering precompiled user dll's ...
Registered in 0.000971 seconds.
Begin MonoManager ReloadAssembly
Native extension for WindowsStandalone target not found
Refreshing native plugins compatible for Editor in 0.40 ms, found 0 plugins.
Preloading 0 native plugins for Editor in 0.00 ms.
Invoked RoslynAnalysisRunner static constructor.
RoslynAnalysisRunner will not be running.
RoslynAnalysisRunner has terminated.
Mono: successfully reloaded assembly
- Completed reload, in  1.913 seconds
Platform modules already initialized, skipping
Refreshing native plugins compatible for Editor in 0.39 ms, found 0 plugins.
Preloading 0 native plugins for Editor in 0.00 ms.
Unloading 1112 Unused Serialized files (Serialized files now loaded: 0)
System memory in use before: 60.5 MB.
System memory in use after: 60.6 MB.

Unloading 5 unused Assets to reduce memory usage. Loaded Objects now: 1630.
Total: 7.590600 ms (FindLiveObjects: 0.574700 ms CreateObjectMapping: 0.316900 ms MarkObjects: 6.353400 ms  DeleteObjects: 0.090000 ms)

========================================================================
Received Import Request.
  Time since last request: 2669.783693 seconds.
  path: Assets/Scripts/CameraScript.cs
  artifactKey: Guid(2cfbc1f1de4205d4f83ef525fb94f7af) Importer(815301076,1909f56bfc062723c751e8b465ee728b)
Start importing Assets/Scripts/CameraScript.cs using Guid(2cfbc1f1de4205d4f83ef525fb94f7af) Importer(815301076,1909f56bfc062723c751e8b465ee728b)  -> (artifact id: '54f44a7cebaef7e7862df481dd756148') in 0.024877 seconds
  Import took 0.032913 seconds .

========================================================================
Received Prepare
Registering precompiled user dll's ...
Registered in 0.001496 seconds.
Begin MonoManager ReloadAssembly
Native extension for WindowsStandalone target not found
Refreshing native plugins compatible for Editor in 0.27 ms, found 0 plugins.
Preloading 0 native plugins for Editor in 0.00 ms.
Invoked RoslynAnalysisRunner static constructor.
RoslynAnalysisRunner will not be running.
RoslynAnalysisRunner has terminated.
Mono: successfully reloaded assembly
- Completed reload, in  1.465 seconds
Platform modules already initialized, skipping
Refreshing native plugins compatible for Editor in 0.27 ms, found 0 plugins.
Preloading 0 native plugins for Editor in 0.00 ms.
Unloading 1112 Unused Serialized files (Serialized files now loaded: 0)
System memory in use before: 60.5 MB.
System memory in use after: 60.6 MB.

Unloading 5 unused Assets to reduce memory usage. Loaded Objects now: 1633.
Total: 2.161400 ms (FindLiveObjects: 0.392700 ms CreateObjectMapping: 0.065800 ms MarkObjects: 1.639000 ms  DeleteObjects: 0.062100 ms)

========================================================================
Received Prepare
Registering precompiled user dll's ...
Registered in 0.000870 seconds.
Begin MonoManager ReloadAssembly
Native extension for WindowsStandalone target not found
Refreshing native plugins compatible for Editor in 0.27 ms, found 0 plugins.
Preloading 0 native plugins for Editor in 0.00 ms.
Invoked RoslynAnalysisRunner static constructor.
RoslynAnalysisRunner will not be running.
RoslynAnalysisRunner has terminated.
Mono: successfully reloaded assembly
- Completed reload, in  1.324 seconds
Platform modules already initialized, skipping
Refreshing native plugins compatible for Editor in 0.27 ms, found 0 plugins.
Preloading 0 native plugins for Editor in 0.00 ms.
Unloading 1112 Unused Serialized files (Serialized files now loaded: 0)
System memory in use before: 60.5 MB.
System memory in use after: 60.6 MB.

Unloading 5 unused Assets to reduce memory usage. Loaded Objects now: 1636.
Total: 2.701700 ms (FindLiveObjects: 0.264300 ms CreateObjectMapping: 0.059700 ms MarkObjects: 2.292000 ms  DeleteObjects: 0.083800 ms)

========================================================================
Received Prepare
Registering precompiled user dll's ...
Registered in 0.001533 seconds.
Begin MonoManager ReloadAssembly
Native extension for WindowsStandalone target not found
Refreshing native plugins compatible for Editor in 0.26 ms, found 0 plugins.
Preloading 0 native plugins for Editor in 0.00 ms.
Invoked RoslynAnalysisRunner static constructor.
RoslynAnalysisRunner will not be running.
RoslynAnalysisRunner has terminated.
Mono: successfully reloaded assembly
- Completed reload, in  1.298 seconds
Platform modules already initialized, skipping
Refreshing native plugins compatible for Editor in 0.30 ms, found 0 plugins.
Preloading 0 native plugins for Editor in 0.00 ms.
Unloading 1112 Unused Serialized files (Serialized files now loaded: 0)
System memory in use before: 60.5 MB.
System memory in use after: 60.6 MB.

Unloading 5 unused Assets to reduce memory usage. Loaded Objects now: 1639.
Total: 1.975000 ms (FindLiveObjects: 0.217800 ms CreateObjectMapping: 0.048500 ms MarkObjects: 1.641800 ms  DeleteObjects: 0.065200 ms)

========================================================================
Received Import Request.
  Time since last request: 681.769605 seconds.
  path: Assets/Scripts/PlayerScript.cs
  artifactKey: Guid(ca135cdedde0aa24b82ae465a624aea2) Importer(815301076,1909f56bfc062723c751e8b465ee728b)
Start importing Assets/Scripts/PlayerScript.cs using Guid(ca135cdedde0aa24b82ae465a624aea2) Importer(815301076,1909f56bfc062723c751e8b465ee728b)  -> (artifact id: '874ee1178ba8616c3e4cbc48dbcfd1ef') in 0.010352 seconds
  Import took 0.013928 seconds .

========================================================================
Received Import Request.
  Time since last request: 0.038941 seconds.
  path: Assets/Scripts/PlayerScript.cs
  artifactKey: Guid(ca135cdedde0aa24b82ae465a624aea2) Importer(815301076,1909f56bfc062723c751e8b465ee728b)
Start importing Assets/Scripts/PlayerScript.cs using Guid(ca135cdedde0aa24b82ae465a624aea2) Importer(815301076,1909f56bfc062723c751e8b465ee728b)  -> (artifact id: '874ee1178ba8616c3e4cbc48dbcfd1ef') in 0.005623 seconds
  Import took 0.008296 seconds .

========================================================================
Received Prepare
Registering precompiled user dll's ...
Registered in 0.001967 seconds.
Begin MonoManager ReloadAssembly
Native extension for WindowsStandalone target not found
Refreshing native plugins compatible for Editor in 0.40 ms, found 0 plugins.
Preloading 0 native plugins for Editor in 0.00 ms.
Invoked RoslynAnalysisRunner static constructor.
RoslynAnalysisRunner will not be running.
RoslynAnalysisRunner has terminated.
Mono: successfully reloaded assembly
- Completed reload, in  1.320 seconds
Platform modules already initialized, skipping
Refreshing native plugins compatible for Editor in 0.26 ms, found 0 plugins.
Preloading 0 native plugins for Editor in 0.00 ms.
Unloading 1112 Unused Serialized files (Serialized files now loaded: 0)
System memory in use before: 60.5 MB.
System memory in use after: 60.6 MB.

Unloading 5 unused Assets to reduce memory usage. Loaded Objects now: 1642.
Total: 2.661200 ms (FindLiveObjects: 0.302000 ms CreateObjectMapping: 0.071800 ms MarkObjects: 2.211500 ms  DeleteObjects: 0.073200 ms)

========================================================================
Received Prepare
Registering precompiled user dll's ...
Registered in 0.001587 seconds.
Begin MonoManager ReloadAssembly
Native extension for WindowsStandalone target not found
Refreshing native plugins compatible for Editor in 0.45 ms, found 0 plugins.
Preloading 0 native plugins for Editor in 0.00 ms.
Invoked RoslynAnalysisRunner static constructor.
RoslynAnalysisRunner will not be running.
RoslynAnalysisRunner has terminated.
Mono: successfully reloaded assembly
- Completed reload, in  3.371 seconds
Platform modules already initialized, skipping
Refreshing native plugins compatible for Editor in 0.39 ms, found 0 plugins.
Preloading 0 native plugins for Editor in 0.00 ms.
Unloading 1112 Unused Serialized files (Serialized files now loaded: 0)
System memory in use before: 60.5 MB.
System memory in use after: 60.6 MB.

Unloading 5 unused Assets to reduce memory usage. Loaded Objects now: 1645.
Total: 2.415500 ms (FindLiveObjects: 0.596800 ms CreateObjectMapping: 0.061800 ms MarkObjects: 1.669200 ms  DeleteObjects: 0.085600 ms)

========================================================================
Received Prepare
Registering precompiled user dll's ...
Registered in 0.000912 seconds.
Begin MonoManager ReloadAssembly
Native extension for WindowsStandalone target not found
Refreshing native plugins compatible for Editor in 0.40 ms, found 0 plugins.
Preloading 0 native plugins for Editor in 0.00 ms.
Invoked RoslynAnalysisRunner static constructor.
RoslynAnalysisRunner will not be running.
RoslynAnalysisRunner has terminated.
Mono: successfully reloaded assembly
- Completed reload, in  1.323 seconds
Platform modules already initialized, skipping
Refreshing native plugins compatible for Editor in 0.30 ms, found 0 plugins.
Preloading 0 native plugins for Editor in 0.00 ms.
Unloading 1112 Unused Serialized files (Serialized files now loaded: 0)
System memory in use before: 60.5 MB.
System memory in use after: 60.6 MB.

Unloading 5 unused Assets to reduce memory usage. Loaded Objects now: 1648.
Total: 2.023600 ms (FindLiveObjects: 0.159800 ms CreateObjectMapping: 0.047100 ms MarkObjects: 1.749700 ms  DeleteObjects: 0.065300 ms)

========================================================================
Received Import Request.
  Time since last request: 458.461754 seconds.
  path: Assets/Materials/Black.mat
  artifactKey: Guid(ca3004251ee35ed4589f0c2fb45bb7c2) Importer(815301076,1909f56bfc062723c751e8b465ee728b)
Start importing Assets/Materials/Black.mat using Guid(ca3004251ee35ed4589f0c2fb45bb7c2) Importer(815301076,1909f56bfc062723c751e8b465ee728b)  -> (artifact id: '9666118a5b74e8c5cf504944fac066d0') in 0.111178 seconds
  Import took 0.114521 seconds .

========================================================================
Received Import Request.
  Time since last request: 0.000233 seconds.
  path: Assets/Materials/Brown.mat
  artifactKey: Guid(d76756d7c21cf5b4aa40330b8f77809d) Importer(815301076,1909f56bfc062723c751e8b465ee728b)
Start importing Assets/Materials/Brown.mat using Guid(d76756d7c21cf5b4aa40330b8f77809d) Importer(815301076,1909f56bfc062723c751e8b465ee728b)  -> (artifact id: '2ab76640208d9d5f6d6edd396c7fe245') in 0.022304 seconds
  Import took 0.026026 seconds .

========================================================================
Received Import Request.
  Time since last request: 0.000211 seconds.
  path: Assets/Materials/Green.mat
  artifactKey: Guid(1ce292fd40b7016428a93f72d2642293) Importer(815301076,1909f56bfc062723c751e8b465ee728b)
Start importing Assets/Materials/Green.mat using Guid(1ce292fd40b7016428a93f72d2642293) Importer(815301076,1909f56bfc062723c751e8b465ee728b)  -> (artifact id: '81cc3e4084b3419c9a2eec93204f10a7') in 0.032106 seconds
  Import took 0.035897 seconds .

========================================================================
Received Import Request.
  Time since last request: 0.000210 seconds.
  path: Assets/Materials/Blue.mat
  artifactKey: Guid(59d40e0e393bf194983e59471e662347) Importer(815301076,1909f56bfc062723c751e8b465ee728b)
Start importing Assets/Materials/Blue.mat using Guid(59d40e0e393bf194983e59471e662347) Importer(815301076,1909f56bfc062723c751e8b465ee728b)  -> (artifact id: '5f89c22c1bf1685df0f0aef695f9b03b') in 0.027219 seconds
  Import took 0.030559 seconds .

========================================================================
Received Import Request.
  Time since last request: 0.000263 seconds.
  path: Assets/Materials/Red.mat
  artifactKey: Guid(0e9b4caf88e803c459d4dc01112096fb) Importer(815301076,1909f56bfc062723c751e8b465ee728b)
Start importing Assets/Materials/Red.mat using Guid(0e9b4caf88e803c459d4dc01112096fb) Importer(815301076,1909f56bfc062723c751e8b465ee728b)  -> (artifact id: '0f7cbdf192e8aeb437330a79c3a24d52') in 0.022961 seconds
  Import took 0.025816 seconds .

========================================================================
Received Import Request.
  Time since last request: 0.000250 seconds.
  path: Assets/Materials/Chess.mat
  artifactKey: Guid(96cf752ea3dabf348bdefb07c17058d1) Importer(815301076,1909f56bfc062723c751e8b465ee728b)
Start importing Assets/Materials/Chess.mat using Guid(96cf752ea3dabf348bdefb07c17058d1) Importer(815301076,1909f56bfc062723c751e8b465ee728b)  -> (artifact id: 'ffa837c021e3fa4870cd9de8b1cf9c11') in 0.043149 seconds
  Import took 0.047283 seconds .

========================================================================
Received Import Request.
  Time since last request: 0.000236 seconds.
  path: Assets/Materials/Yellow.mat
  artifactKey: Guid(700a778dfa01b054384d4cc95f70568c) Importer(815301076,1909f56bfc062723c751e8b465ee728b)
Start importing Assets/Materials/Yellow.mat using Guid(700a778dfa01b054384d4cc95f70568c) Importer(815301076,1909f56bfc062723c751e8b465ee728b)  -> (artifact id: 'ad82780fe4b256934da4a3e3473a4640') in 0.027511 seconds
  Import took 0.030321 seconds .

========================================================================
Received Import Request.
  Time since last request: 0.000231 seconds.
  path: Assets/Materials/Chess.mat
  artifactKey: Guid(96cf752ea3dabf348bdefb07c17058d1) Importer(815301076,1909f56bfc062723c751e8b465ee728b)
Start importing Assets/Materials/Chess.mat using Guid(96cf752ea3dabf348bdefb07c17058d1) Importer(815301076,1909f56bfc062723c751e8b465ee728b)  -> (artifact id: 'ffa837c021e3fa4870cd9de8b1cf9c11') in 0.018387 seconds
  Import took 0.021412 seconds .

========================================================================
Received Import Request.
  Time since last request: 0.000219 seconds.
  path: Assets/Materials/Yellow.mat
  artifactKey: Guid(700a778dfa01b054384d4cc95f70568c) Importer(815301076,1909f56bfc062723c751e8b465ee728b)
Start importing Assets/Materials/Yellow.mat using Guid(700a778dfa01b054384d4cc95f70568c) Importer(815301076,1909f56bfc062723c751e8b465ee728b)  -> (artifact id: 'ad82780fe4b256934da4a3e3473a4640') in 0.024991 seconds
  Import took 0.028222 seconds .

========================================================================
Received Import Request.
  Time since last request: 22.256419 seconds.
  path: Assets/Textures
  artifactKey: Guid(5dfa4379f9a51dc45b26fbcf9698c6a3) Importer(815301076,1909f56bfc062723c751e8b465ee728b)
Start importing Assets/Textures using Guid(5dfa4379f9a51dc45b26fbcf9698c6a3) Importer(815301076,1909f56bfc062723c751e8b465ee728b)  -> (artifact id: '102619284c5f1b844b4b03e70b88389f') in 0.013706 seconds
  Import took 0.021963 seconds .

========================================================================
Received Import Request.
  Time since last request: 0.000559 seconds.
  path: Assets/Textures
  artifactKey: Guid(5dfa4379f9a51dc45b26fbcf9698c6a3) Importer(815301076,1909f56bfc062723c751e8b465ee728b)
Start importing Assets/Textures using Guid(5dfa4379f9a51dc45b26fbcf9698c6a3) Importer(815301076,1909f56bfc062723c751e8b465ee728b)  -> (artifact id: '102619284c5f1b844b4b03e70b88389f') in 0.007090 seconds
  Import took 0.010108 seconds .

========================================================================
Received Prepare
Registering precompiled user dll's ...
Registered in 0.002570 seconds.
Begin MonoManager ReloadAssembly
Native extension for WindowsStandalone target not found
Refreshing native plugins compatible for Editor in 0.35 ms, found 0 plugins.
Preloading 0 native plugins for Editor in 0.00 ms.
Invoked RoslynAnalysisRunner static constructor.
RoslynAnalysisRunner will not be running.
RoslynAnalysisRunner has terminated.
Mono: successfully reloaded assembly
- Completed reload, in  2.842 seconds
Platform modules already initialized, skipping
Refreshing native plugins compatible for Editor in 0.26 ms, found 0 plugins.
Preloading 0 native plugins for Editor in 0.00 ms.
Unloading 1112 Unused Serialized files (Serialized files now loaded: 0)
System memory in use before: 60.8 MB.
System memory in use after: 60.9 MB.

Unloading 5 unused Assets to reduce memory usage. Loaded Objects now: 1653.
Total: 2.201300 ms (FindLiveObjects: 0.242900 ms CreateObjectMapping: 0.056000 ms MarkObjects: 1.819600 ms  DeleteObjects: 0.081000 ms)

========================================================================
Received Prepare
Registering precompiled user dll's ...
Registered in 0.000867 seconds.
Begin MonoManager ReloadAssembly
Native extension for WindowsStandalone target not found
Refreshing native plugins compatible for Editor in 0.27 ms, found 0 plugins.
Preloading 0 native plugins for Editor in 0.00 ms.
Invoked RoslynAnalysisRunner static constructor.
RoslynAnalysisRunner will not be running.
RoslynAnalysisRunner has terminated.
Mono: successfully reloaded assembly
- Completed reload, in  1.192 seconds
Platform modules already initialized, skipping
Refreshing native plugins compatible for Editor in 0.26 ms, found 0 plugins.
Preloading 0 native plugins for Editor in 0.00 ms.
Unloading 1112 Unused Serialized files (Serialized files now loaded: 0)
System memory in use before: 60.8 MB.
System memory in use after: 60.9 MB.

Unloading 5 unused Assets to reduce memory usage. Loaded Objects now: 1656.
Total: 2.102000 ms (FindLiveObjects: 0.236800 ms CreateObjectMapping: 0.049800 ms MarkObjects: 1.722000 ms  DeleteObjects: 0.085900 ms)

AssetImportWorkerClient::OnTransportError - code=2 error=End of file
